2024-12-18 11:04:06,719 - INFO - This is an info message.
2024-12-18 11:04:06,719 - WARNING - This is a warning message.
2024-12-18 11:04:06,719 - ERROR - This is an error message.
2024-12-18 11:09:43,521 - INFO - Simulation started.
2024-12-18 11:09:50,241 - INFO - Creating a new registration
2024-12-18 11:09:50,241 - INFO - Creating registration for student: 150123823
2024-12-18 11:09:50,242 - ERROR - An error occurred creating registration for student: 'CourseRegistrationSimulation' object has no attribute 'courseRegSystem'
2024-12-18 11:10:08,645 - INFO - Simulation started.
2024-12-18 11:10:11,177 - INFO - Login department scheduler
2024-12-18 11:10:22,306 - INFO - Handling Department Scheduler Actions
2024-12-18 11:10:23,449 - INFO - Handling Course Section times
2024-12-18 11:10:23,449 - ERROR - Unexpected error during handleCourseSectionTimesAndClassroom: 'CourseRegistrationSimulation' object has no attribute 'courseDBController'
2024-12-18 19:29:35,450 - INFO - Simulation started.
2024-12-18 19:31:48,816 - INFO - Simulation started.
2024-12-18 19:31:57,094 - INFO - Simulation started.
2024-12-18 20:32:58,060 - INFO - Simulation started.
2024-12-19 20:01:19,135 - INFO - This is an info message.
2024-12-19 20:01:19,135 - WARNING - This is a warning message.
2024-12-19 20:01:19,135 - ERROR - This is an error message.
2024-12-19 20:01:22,695 - INFO - Simulation started.
2024-12-19 20:09:39,357 - INFO - Simulation started.
2024-12-19 20:25:27,303 - INFO - Simulation started.
2024-12-19 20:25:33,020 - INFO - Login admin
2024-12-19 20:25:49,868 - INFO - Simulation started.
2024-12-19 20:25:51,953 - INFO - Login admin
2024-12-19 20:26:11,274 - INFO - Login admin
2024-12-19 20:26:28,830 - INFO - Simulation started.
2024-12-19 20:26:30,057 - INFO - Login admin
2024-12-19 21:15:08,578 - INFO - Simulation started.
2024-12-19 21:15:15,729 - INFO - Creating a new registration
2024-12-19 21:15:15,730 - INFO - Creating registration for student: 150123823
2024-12-19 21:15:15,730 - ERROR - An error occurred creating registration for student: 'CourseRegistrationSimulation' object has no attribute 'courseRegSystem'
2024-12-19 21:15:22,309 - INFO - Simulation started.
2024-12-19 21:15:24,073 - INFO - Login admin
2024-12-19 21:16:15,803 - INFO - Simulation started.
2024-12-19 21:16:17,146 - INFO - Login admin
2024-12-19 21:16:20,793 - INFO - Handling Admin Actions
2024-12-19 21:18:33,145 - INFO - Simulation started.
2024-12-19 21:18:43,401 - INFO - Creating a new registration
2024-12-19 21:18:43,401 - INFO - Creating registration for student: 150111222
2024-12-19 21:18:43,401 - ERROR - An error occurred creating registration for student: 'CourseRegistrationSimulation' object has no attribute 'courseRegSystem'
2024-12-19 21:22:37,937 - INFO - Simulation started.
2024-12-19 21:22:39,698 - INFO - Login admin
2024-12-19 21:22:43,218 - INFO - Handling Admin Actions
2024-12-19 21:25:25,851 - INFO - Simulation started.
2024-12-19 21:25:27,066 - INFO - Login admin
2024-12-19 21:25:37,386 - INFO - Login admin
2024-12-19 21:25:39,810 - INFO - Handling Admin Actions
2024-12-19 21:26:10,978 - ERROR - Unexpected error during handleAdminActions: [Errno 22] Invalid argument: 'c:\\Users\\ilker\\Desktop\\OOP\\Iteration3\\CSE3063F24P1_GRP17\\main\\..\\database\\registrations\\r<built-in function id>.json'
2024-12-19 21:27:57,944 - INFO - Login admin
2024-12-19 21:28:03,306 - INFO - Handling Admin Actions
2024-12-19 21:28:27,490 - ERROR - Unexpected error during handleAdminActions: [Errno 22] Invalid argument: 'c:\\Users\\ilker\\Desktop\\OOP\\Iteration3\\CSE3063F24P1_GRP17\\main\\..\\database\\registrations\\r<built-in function id>.json'
2024-12-19 21:29:03,632 - INFO - Login admin
2024-12-19 21:29:07,736 - INFO - Login admin
2024-12-19 21:29:10,481 - INFO - Handling Admin Actions
2024-12-19 21:29:32,866 - ERROR - Unexpected error during handleAdminActions: [Errno 22] Invalid argument: 'c:\\Users\\ilker\\Desktop\\OOP\\Iteration3\\CSE3063F24P1_GRP17\\main\\..\\database\\registrations\\r<built-in function id>.json'
2024-12-19 21:34:16,154 - INFO - Simulation started.
2024-12-19 21:34:17,184 - INFO - Login admin
2024-12-19 21:34:20,473 - INFO - Handling Admin Actions
2024-12-19 21:34:57,956 - INFO - Simulation started.
2024-12-19 21:35:15,469 - INFO - Simulation started.
2024-12-19 21:35:17,008 - INFO - Login admin
2024-12-19 21:35:22,624 - INFO - Login admin
2024-12-19 21:35:24,961 - INFO - Handling Admin Actions
2024-12-19 21:35:38,545 - ERROR - Unexpected error during handleAdminActions: invalid literal for int() with base 10: 'asdsa'
2024-12-19 21:37:50,670 - INFO - Simulation started.
2024-12-19 21:37:54,992 - INFO - Login admin
2024-12-19 21:38:00,393 - INFO - Handling Admin Actions
2024-12-19 21:53:01,169 - INFO - Simulation started.
2024-12-19 21:53:02,480 - INFO - Login admin
2024-12-19 21:53:07,562 - INFO - Handling Admin Actions
2024-12-19 21:53:52,976 - ERROR - Unexpected error during handleAddStudent: 'str' object is not callable
2024-12-19 21:53:52,979 - ERROR - Unexpected error during handleAdminActions: cannot access local variable 'student' where it is not associated with a value
2024-12-19 21:53:54,289 - INFO - Login admin
2024-12-19 21:53:56,946 - INFO - Handling Admin Actions
2024-12-19 21:54:34,585 - ERROR - Unexpected error during handleAddStudent: 'str' object is not callable
2024-12-19 21:54:34,585 - ERROR - Unexpected error during handleAdminActions: cannot access local variable 'student' where it is not associated with a value
2024-12-19 21:56:30,069 - INFO - Simulation started.
2024-12-19 21:56:31,080 - INFO - Login admin
2024-12-19 21:56:34,032 - INFO - Handling Admin Actions
2024-12-19 21:56:58,500 - INFO - Simulation started.
2024-12-19 21:57:00,064 - INFO - Login admin
2024-12-19 21:57:03,704 - INFO - Handling Admin Actions
2024-12-20 00:29:37,091 - INFO - Simulation started.
2024-12-20 16:17:59,510 - INFO - Simulation started.
2024-12-20 16:18:01,889 - INFO - Login admin
2024-12-20 16:18:13,931 - INFO - Login admin
2024-12-20 16:18:16,490 - INFO - Handling Admin Actions
2024-12-20 16:18:40,899 - ERROR - Unexpected error during handleAddStudent: 'CourseRegistrationSimulation' object has no attribute 'validate_input'
2024-12-20 16:18:40,902 - ERROR - Unexpected error during handleAdminActions: cannot access local variable 'advisor' where it is not associated with a value
2024-12-20 16:20:54,054 - INFO - Simulation started.
2024-12-20 16:20:55,291 - INFO - Login admin
2024-12-20 16:20:57,723 - INFO - Handling Admin Actions
2024-12-20 16:33:56,966 - INFO - Simulation started.
2024-12-20 16:33:59,147 - INFO - Login admin
2024-12-20 16:34:02,546 - INFO - Handling Admin Actions
2024-12-20 16:34:03,762 - INFO - Handling add Department Schuler.
2024-12-20 16:52:46,748 - INFO - Simulation started.
2024-12-20 16:52:48,578 - INFO - Login admin
2024-12-20 16:52:52,027 - INFO - Handling Admin Actions
2024-12-20 16:52:53,425 - INFO - Handling add Student.
2024-12-20 16:56:04,557 - INFO - Simulation started.
2024-12-20 16:56:05,713 - INFO - Login admin
2024-12-20 16:56:10,249 - INFO - Handling Admin Actions
2024-12-20 16:56:11,233 - INFO - Handling add Advisor.
2024-12-20 16:56:39,144 - INFO - Simulation started.
2024-12-20 16:56:41,434 - INFO - Login admin
2024-12-20 16:56:43,906 - INFO - Handling Admin Actions
2024-12-20 16:56:45,170 - INFO - Handling add Department Schuler.
2024-12-21 23:45:13,870 - INFO - Simulation started.
2024-12-21 23:45:26,689 - INFO - Creating a new registration
2024-12-21 23:45:26,690 - INFO - Creating registration for student: 150111222
2024-12-21 23:45:26,690 - ERROR - An error occurred creating registration for student: 'CourseDBController' object has no attribute '_CourseDBController__courseSectionList'
2024-12-21 23:48:28,258 - INFO - Simulation started.
2024-12-21 23:49:10,411 - INFO - Creating a new registration
2024-12-21 23:49:54,775 - INFO - Creating registration for student: 150111222
2024-12-21 23:53:44,403 - INFO - Simulation started.
2024-12-21 23:54:17,179 - INFO - Creating a new registration
2024-12-21 23:54:17,179 - INFO - Creating registration for student: 150122011
2024-12-21 23:54:17,180 - ERROR - An error occurred creating registration for student: 'CourseDBController' object has no attribute '_CourseDBController__courseSectionList'
2024-12-21 23:55:34,464 - INFO - Simulation started.
2024-12-21 23:57:22,508 - INFO - Creating a new registration
2024-12-21 23:57:23,629 - INFO - Creating registration for student: 150122011
2024-12-21 23:58:19,150 - INFO - Simulation started.
2024-12-21 23:58:33,295 - INFO - Creating a new registration
2024-12-21 23:58:33,295 - INFO - Creating registration for student: 150122011
2024-12-21 23:58:33,309 - ERROR - An error occurred creating registration for student: cannot access local variable 'courseSections' where it is not associated with a value
2024-12-22 00:00:33,891 - INFO - Simulation started.
2024-12-22 00:00:45,388 - INFO - Creating a new registration
2024-12-22 00:00:45,389 - INFO - Creating registration for student: 150122011
2024-12-22 00:00:45,399 - ERROR - An error occurred creating registration for student: 'NoneType' object is not iterable
2024-12-22 00:01:05,751 - INFO - Simulation started.
2024-12-22 00:01:24,032 - INFO - Creating a new registration
2024-12-22 00:01:25,353 - INFO - Creating registration for student: 150122011
2024-12-22 00:01:58,792 - INFO - Simulation started.
2024-12-22 00:02:22,101 - INFO - Creating a new registration
2024-12-22 00:02:22,987 - INFO - Creating registration for student: 150122011
2024-12-22 00:03:12,870 - INFO - Simulation started.
2024-12-22 00:03:31,026 - INFO - Creating a new registration
2024-12-22 00:03:32,195 - INFO - Creating registration for student: 150122011
2024-12-22 00:05:09,364 - INFO - Simulation started.
2024-12-22 00:05:21,545 - INFO - Creating a new registration
2024-12-22 00:05:22,292 - INFO - Creating registration for student: 150122011
2024-12-22 00:05:44,058 - INFO - Simulation started.
2024-12-22 00:05:58,660 - INFO - Creating a new registration
2024-12-22 00:05:59,451 - INFO - Creating registration for student: 150122011
2024-12-22 00:06:56,392 - INFO - Simulation started.
2024-12-22 00:07:09,090 - INFO - Creating a new registration
2024-12-22 00:07:10,789 - INFO - Creating registration for student: 150122011
2024-12-22 00:13:14,465 - INFO - Simulation started.
2024-12-22 00:13:16,645 - ERROR - Unexpected error: 'utf-8' codec can't decode byte 0xff in position 0: invalid start byte
2024-12-22 00:13:16,645 - INFO - Simulation ended.
2024-12-22 00:13:24,351 - INFO - Simulation started.
2024-12-22 00:13:45,669 - INFO - Creating a new registration
2024-12-22 00:14:00,808 - INFO - Creating registration for student: 150122011
2024-12-22 00:17:17,785 - ERROR - An error occurred creating registration for student: 'dict' object has no attribute 'getId'
2024-12-22 00:19:21,368 - INFO - Simulation started.
2024-12-22 00:19:41,262 - INFO - Creating a new registration
2024-12-22 00:19:44,261 - INFO - Creating registration for student: 150122011
2024-12-22 00:24:43,955 - INFO - Simulation started.
2024-12-22 00:25:00,349 - INFO - Creating a new registration
2024-12-22 00:25:00,349 - INFO - Creating registration for student: 150122011
2024-12-22 00:29:04,198 - ERROR - An error occurred creating registration for student: 'utf-8' codec can't decode byte 0xff in position 0: invalid start byte
2024-12-22 00:31:08,833 - INFO - Simulation started.
2024-12-22 00:31:36,319 - INFO - Creating a new registration
2024-12-22 00:31:36,319 - INFO - Creating registration for student: 150122011
2024-12-22 00:33:17,957 - ERROR - An error occurred creating registration for student: 'utf-8' codec can't decode byte 0xff in position 0: invalid start byte
2024-12-22 00:33:28,959 - INFO - Simulation started.
2024-12-22 00:33:42,643 - INFO - Creating a new registration
2024-12-22 00:33:42,643 - INFO - Creating registration for student: 150122011
2024-12-22 00:34:39,112 - ERROR - An error occurred creating registration for student: 'utf-8' codec can't decode byte 0xff in position 0: invalid start byte
2024-12-22 00:34:45,559 - INFO - Creating a new registration
2024-12-22 00:34:45,559 - INFO - Creating registration for student: 150122011
2024-12-22 00:37:07,153 - INFO - Simulation started.
2024-12-22 00:37:24,499 - INFO - Creating a new registration
2024-12-22 00:37:24,499 - INFO - Creating registration for student: 150122011
2024-12-22 00:38:50,228 - ERROR - An error occurred creating registration for student: 'utf-8' codec can't decode byte 0xff in position 0: invalid start byte
2024-12-22 00:39:00,311 - INFO - Creating a new registration
2024-12-22 00:39:00,311 - INFO - Creating registration for student: 150122011
2024-12-22 00:41:15,375 - INFO - Simulation started.
2024-12-22 00:41:30,879 - INFO - Creating a new registration
2024-12-22 00:41:30,879 - INFO - Creating registration for student: 150122011
2024-12-22 00:41:45,172 - ERROR - An error occurred creating registration for student: 'Student' object has no attribute 'getRegistration'
2024-12-22 00:42:51,897 - INFO - Creating a new registration
2024-12-22 00:42:51,897 - INFO - Creating registration for student: 150122011
2024-12-22 00:43:03,802 - ERROR - An error occurred creating registration for student: 'Student' object has no attribute 'getRegistration'
2024-12-22 00:43:42,876 - INFO - Simulation started.
2024-12-22 00:43:55,694 - INFO - Creating a new registration
2024-12-22 00:43:55,694 - INFO - Creating registration for student: 150122011
2024-12-22 00:48:59,372 - INFO - Simulation started.
2024-12-22 00:49:18,603 - INFO - Creating a new registration
2024-12-22 00:49:18,603 - INFO - Creating registration for student: 150122011
2024-12-22 00:54:07,370 - INFO - Simulation started.
2024-12-22 00:54:22,054 - INFO - Creating a new registration
2024-12-22 00:54:22,055 - INFO - Creating registration for student: 150122011
2024-12-22 00:54:36,841 - ERROR - An error occurred creating registration for student: 'Student' object has no attribute 'getRegistration'
2024-12-22 00:54:46,284 - INFO - Simulation started.
2024-12-22 00:59:43,139 - ERROR - Unexpected error: 'utf-8' codec can't decode byte 0xff in position 0: invalid start byte
2024-12-22 00:59:43,139 - INFO - Simulation ended.
2024-12-22 01:33:59,687 - INFO - Simulation started.
2024-12-22 01:37:06,052 - INFO - Creating a new registration
2024-12-22 01:37:06,052 - INFO - Creating registration for student: 150122011
2024-12-22 01:37:16,316 - ERROR - An error occurred creating registration for student: 'Registration' object has no attribute '_Registration__courseSections'
2024-12-22 01:38:05,924 - INFO - Simulation started.
2024-12-22 01:38:24,766 - INFO - Creating a new registration
2024-12-22 01:38:24,766 - INFO - Creating registration for student: 150122011
2024-12-22 01:40:42,832 - ERROR - An error occurred creating registration for student: 'dict' object has no attribute 'getId'
2024-12-22 01:46:31,393 - INFO - Simulation started.
2024-12-22 01:46:48,163 - INFO - Creating a new registration
2024-12-22 01:46:48,163 - INFO - Creating registration for student: 150122011
2024-12-22 01:58:48,891 - INFO - Simulation started.
2024-12-22 01:59:05,395 - INFO - Creating a new registration
2024-12-22 01:59:05,395 - INFO - Creating registration for student: 150122011
2024-12-22 02:01:23,589 - INFO - Simulation started.
2024-12-22 02:01:26,433 - ERROR - Unexpected error: 'utf-8' codec can't decode byte 0xff in position 0: invalid start byte
2024-12-22 02:01:26,433 - INFO - Simulation ended.
2024-12-22 02:01:34,218 - INFO - Simulation started.
2024-12-22 02:01:52,774 - INFO - Creating a new registration
2024-12-22 02:01:52,774 - INFO - Creating registration for student: 150122011
2024-12-22 02:08:43,954 - INFO - Simulation started.
2024-12-22 02:08:57,270 - INFO - Creating a new registration
2024-12-22 02:08:57,270 - INFO - Creating registration for student: 150122011
2024-12-22 02:19:21,452 - INFO - Simulation started.
2024-12-22 02:19:38,965 - INFO - Creating a new registration
2024-12-22 02:19:38,965 - INFO - Creating registration for student: 150122011
2024-12-22 02:19:53,256 - ERROR - An error occurred creating registration for student: 'dict' object has no attribute 'getId'
2024-12-22 02:27:45,292 - INFO - Simulation started.
2024-12-22 02:28:06,463 - INFO - Creating a new registration
2024-12-22 02:28:06,464 - INFO - Creating registration for student: 150122011
2024-12-22 02:28:33,537 - ERROR - An error occurred creating registration for student: 'dict' object has no attribute 'getId'
2024-12-22 02:32:34,012 - INFO - Simulation started.
2024-12-22 02:32:52,661 - INFO - Creating a new registration
2024-12-22 02:32:52,677 - INFO - Creating registration for student: 150122011
2024-12-22 02:37:38,412 - INFO - Simulation started.
2024-12-22 02:38:03,116 - INFO - Creating a new registration
2024-12-22 02:38:03,116 - INFO - Creating registration for student: 150122011
2024-12-22 02:39:30,172 - INFO - Simulation started.
2024-12-22 02:39:43,783 - INFO - Creating a new registration
2024-12-22 02:39:43,783 - INFO - Creating registration for student: 150122011
2024-12-22 02:41:06,011 - INFO - Simulation started.
2024-12-22 02:41:20,427 - INFO - Creating a new registration
2024-12-22 02:41:20,427 - INFO - Creating registration for student: 150122011
2024-12-22 02:42:23,479 - INFO - Simulation started.
2024-12-22 02:42:40,636 - INFO - Creating a new registration
2024-12-22 02:42:40,636 - INFO - Creating registration for student: 150122011
2024-12-22 02:57:36,346 - INFO - Simulation started.
2024-12-22 02:57:55,915 - INFO - Creating a new registration
2024-12-22 02:57:55,915 - INFO - Creating registration for student: 150122011
2024-12-22 03:01:48,755 - ERROR - An error occurred creating registration for student: can only concatenate str (not "int") to str
2024-12-22 03:02:33,669 - INFO - Creating a new registration
2024-12-22 03:02:42,371 - INFO - Creating registration for student: 150122011
2024-12-22 03:08:22,421 - INFO - Simulation started.
2024-12-22 03:08:46,925 - INFO - Creating a new registration
2024-12-22 03:08:46,925 - INFO - Creating registration for student: 150122011
2024-12-22 03:11:04,709 - ERROR - An error occurred creating registration for student: cannot access local variable 'advisorDBController' where it is not associated with a value
2024-12-22 03:17:29,409 - INFO - Simulation started.
2024-12-22 03:17:34,995 - ERROR - Unexpected error: 'utf-8' codec can't decode byte 0xff in position 0: invalid start byte
2024-12-22 03:17:34,995 - INFO - Simulation ended.
2024-12-22 03:17:36,460 - INFO - Simulation started.
2024-12-22 03:17:43,019 - ERROR - Unexpected error: 'utf-8' codec can't decode byte 0xff in position 0: invalid start byte
2024-12-22 03:17:43,019 - INFO - Simulation ended.
2024-12-22 03:18:18,166 - INFO - Simulation started.
2024-12-22 03:18:39,801 - INFO - Creating a new registration
2024-12-22 03:18:39,802 - INFO - Creating registration for student: 150122011
2024-12-22 03:19:26,449 - ERROR - An error occurred creating registration for student: 'Student' object has no attribute 'setAdvisor'
2024-12-22 03:26:01,836 - INFO - Simulation started.
2024-12-22 03:27:12,212 - ERROR - Unexpected error: 'utf-8' codec can't decode byte 0xff in position 0: invalid start byte
2024-12-22 03:27:12,212 - INFO - Simulation ended.
